<?xml version="1.0" encoding="UTF-8"?>
<!-- Generated by org.testng.reporters.JUnitXMLReporter -->
<testsuite hostname="Pradip-Laptop" ignored="0" name="ChromeTest" tests="7" failures="0" timestamp="20 Sep 2023 10:09:05 GMT" time="86.544" errors="0">
  <testcase name="clickBooks" time="0.913" classname="configAnnotations.TC_DWS_002"/>
  <testcase name="clickJewelry" time="0.807" classname="configAnnotations.TC_DWS_001"/>
  <testcase name="clickElectronics" time="0.933" classname="configAnnotations.TC_DWC_004"/>
  <testcase name="clickComputers" time="1.413" classname="configAnnotations.TC_DWS_003"/>
  <testcase name="clickGiftCards" time="0.681" classname="configAnnotations.TC_DWC_005"/>
  <testcase name="clickApparelAndShoes" time="0.75" classname="configAnnotations.TC_DWC_006"/>
  <testcase name="clickDigitalDownloads" time="1.349" classname="configAnnotations.TC_DWC_007"/>
</testsuite> <!-- ChromeTest -->
