<?xml version="1.0" encoding="UTF-8"?>
<!-- Generated by org.testng.reporters.JUnitXMLReporter -->
<testsuite hostname="Pradip-Laptop" ignored="0" name="EdgeTest" tests="7" failures="0" timestamp="20 Sep 2023 10:12:11 GMT" time="84.777" errors="0">
  <testcase name="clickBooks" time="0.697" classname="configAnnotations.TC_DWS_002"/>
  <testcase name="clickJewelry" time="1.042" classname="configAnnotations.TC_DWS_001"/>
  <testcase name="clickElectronics" time="0.816" classname="configAnnotations.TC_DWC_004"/>
  <testcase name="clickComputers" time="0.572" classname="configAnnotations.TC_DWS_003"/>
  <testcase name="clickGiftCards" time="0.961" classname="configAnnotations.TC_DWC_005"/>
  <testcase name="clickApparelAndShoes" time="1.176" classname="configAnnotations.TC_DWC_006"/>
  <testcase name="clickDigitalDownloads" time="0.798" classname="configAnnotations.TC_DWC_007"/>
</testsuite> <!-- EdgeTest -->
