<?xml version="1.0" encoding="UTF-8"?>
<!-- Generated by org.testng.reporters.JUnitXMLReporter -->
<testsuite hostname="Pradip-Laptop" ignored="0" name="FirefoxTest" tests="7" failures="0" timestamp="20 Sep 2023 10:10:46 GMT" time="100.854" errors="0">
  <testcase name="clickBooks" time="0.838" classname="configAnnotations.TC_DWS_002"/>
  <testcase name="clickJewelry" time="0.718" classname="configAnnotations.TC_DWS_001"/>
  <testcase name="clickElectronics" time="0.709" classname="configAnnotations.TC_DWC_004"/>
  <testcase name="clickComputers" time="0.81" classname="configAnnotations.TC_DWS_003"/>
  <testcase name="clickGiftCards" time="1.032" classname="configAnnotations.TC_DWC_005"/>
  <testcase name="clickApparelAndShoes" time="0.952" classname="configAnnotations.TC_DWC_006"/>
  <testcase name="clickDigitalDownloads" time="0.958" classname="configAnnotations.TC_DWC_007"/>
</testsuite> <!-- FirefoxTest -->
